$ next dev --turbopack
 ⚠ Port 3000 is in use by an unknown process, using available port 3001 instead.
   ▲ Next.js 15.5.2 (Turbopack)
   - Local:        http://localhost:3001
   - Network:      http://169.254.0.21:3001
   - Experiments (use wi ○ Compiling / ...
 ✓ Compiled / in 5.7s
Only plain objects can be passed to Cl[?25h
mponents from Server Components. Module objects are not supported.
  [..., Module, Null, <...>, ..., [], 1]
        ^^^^^^
 ⨯ [Error: Element type is invalid: expected a string (for built-in components) or a class/function (for composite components) but got: object.] {
  digest: '2816574851'
}
 GET / 500 in 7045ms
 ⚠ Cross origin request detected from harshit-blog.lindy.site to /_next/* resource. In a future major version of Next.js, you will need to explicitly configure "allowedDevOrigins" in next.config to allow this.
Read more: https://nextjs.org/docs/app/api-reference/config/next-config-js/allowedDevOrigins
 ✓ Compiled /favicon.ico in 438ms
 GET /favicon.ico?favicon.bf3c9292.ico 200 in 830ms
 GET /favicon.ico 200 in 513ms
[?25h
